# JRE version: OpenJDK Runtime Environment (8.0_112-b06) (build 1.8.0_112-release-b06)
# Java VM: OpenJDK 64-Bit Server VM (25.112-b06 mixed mode windows-amd64 compressed oops)
Heap:
 PSYoungGen      total 130560K, used 15313K [0x00000000e0000000, 0x00000000ebf80000, 0x0000000100000000)
  eden space 121344K, 5% used [0x00000000e0000000,0x00000000e05fac88,0x00000000e7680000)
  from space 9216K, 99% used [0x00000000e7680000,0x00000000e7f79880,0x00000000e7f80000)
  to   space 14336K, 0% used [0x00000000eb180000,0x00000000eb180000,0x00000000ebf80000)
 ParOldGen       total 45056K, used 27708K [0x00000000a0000000, 0x00000000a2c00000, 0x00000000e0000000)
  object space 45056K, 61% used [0x00000000a0000000,0x00000000a1b0f070,0x00000000a2c00000)
 Metaspace       used 49794K, capacity 51302K, committed 51456K, reserved 1093632K
  class space    used 6752K, capacity 7080K, committed 7168K, reserved 1048576K
GC Heap History (10 events):
Event: 15.804 GC heap before
{Heap before GC invocations=11 (full 1):
 PSYoungGen      total 67072K, used 66504K [0x00000000e0000000, 0x00000000e6300000, 0x0000000100000000)
  eden space 59392K, 100% used [0x00000000e0000000,0x00000000e3a00000,0x00000000e3a00000)
  from space 7680K, 92% used [0x00000000e3a00000,0x00000000e40f20c0,0x00000000e4180000)
  to   space 8192K, 0% used [0x00000000e5b00000,0x00000000e5b00000,0x00000000e6300000)
 ParOldGen       total 31744K, used 9785K [0x00000000a0000000, 0x00000000a1f00000, 0x00000000e0000000)
  object space 31744K, 30% used [0x00000000a0000000,0x00000000a098e468,0x00000000a1f00000)
 Metaspace       used 31572K, capacity 32066K, committed 32384K, reserved 1077248K
  class space    used 4238K, capacity 4407K, committed 4480K, reserved 1048576K
Event: 15.818 GC heap after
Heap after GC invocations=11 (full 1):
 PSYoungGen      total 93184K, used 5833K [0x00000000e0000000, 0x00000000e6400000, 0x0000000100000000)
  eden space 84992K, 0% used [0x00000000e0000000,0x00000000e0000000,0x00000000e5300000)
  from space 8192K, 71% used [0x00000000e5b00000,0x00000000e60b2778,0x00000000e6300000)
  to   space 8192K, 0% used [0x00000000e5300000,0x00000000e5300000,0x00000000e5b00000)
 ParOldGen       total 31744K, used 11661K [0x00000000a0000000, 0x00000000a1f00000, 0x00000000e0000000)
  object space 31744K, 36% used [0x00000000a0000000,0x00000000a0b634c8,0x00000000a1f00000)
 Metaspace       used 31572K, capacity 32066K, committed 32384K, reserved 1077248K
  class space    used 4238K, capacity 4407K, committed 4480K, reserved 1048576K
}
Event: 16.692 GC heap before
{Heap before GC invocations=12 (full 1):
 PSYoungGen      total 93184K, used 58764K [0x00000000e0000000, 0x00000000e6400000, 0x0000000100000000)
  eden space 84992K, 62% used [0x00000000e0000000,0x00000000e33b08a8,0x00000000e5300000)
  from space 8192K, 71% used [0x00000000e5b00000,0x00000000e60b2778,0x00000000e6300000)
  to   space 8192K, 0% used [0x00000000e5300000,0x00000000e5300000,0x00000000e5b00000)
 ParOldGen       total 31744K, used 11661K [0x00000000a0000000, 0x00000000a1f00000, 0x00000000e0000000)
  object space 31744K, 36% used [0x00000000a0000000,0x00000000a0b634c8,0x00000000a1f00000)
 Metaspace       used 34759K, capacity 35332K, committed 35496K, reserved 1079296K
  class space    used 4638K, capacity 4814K, committed 4864K, reserved 1048576K
Event: 16.726 GC heap after
Heap after GC invocations=12 (full 1):
 PSYoungGen      total 93184K, used 4340K [0x00000000e0000000, 0x00000000e8880000, 0x0000000100000000)
  eden space 84992K, 0% used [0x00000000e0000000,0x00000000e0000000,0x00000000e5300000)
  from space 8192K, 52% used [0x00000000e5300000,0x00000000e573d280,0x00000000e5b00000)
  to   space 8192K, 0% used [0x00000000e8080000,0x00000000e8080000,0x00000000e8880000)
 ParOldGen       total 31744K, used 15586K [0x00000000a0000000, 0x00000000a1f00000, 0x00000000e0000000)
  object space 31744K, 49% used [0x00000000a0000000,0x00000000a0f38938,0x00000000a1f00000)
 Metaspace       used 34759K, capacity 35332K, committed 35496K, reserved 1079296K
  class space    used 4638K, capacity 4814K, committed 4864K, reserved 1048576K
}
Event: 16.726 GC heap before
{Heap before GC invocations=13 (full 2):
 PSYoungGen      total 93184K, used 4340K [0x00000000e0000000, 0x00000000e8880000, 0x0000000100000000)
  eden space 84992K, 0% used [0x00000000e0000000,0x00000000e0000000,0x00000000e5300000)
  from space 8192K, 52% used [0x00000000e5300000,0x00000000e573d280,0x00000000e5b00000)
  to   space 8192K, 0% used [0x00000000e8080000,0x00000000e8080000,0x00000000e8880000)
 ParOldGen       total 31744K, used 15586K [0x00000000a0000000, 0x00000000a1f00000, 0x00000000e0000000)
  object space 31744K, 49% used [0x00000000a0000000,0x00000000a0f38938,0x00000000a1f00000)
 Metaspace       used 34759K, capacity 35332K, committed 35496K, reserved 1079296K
  class space    used 4638K, capacity 4814K, committed 4864K, reserved 1048576K
Event: 16.883 GC heap after
Heap after GC invocations=13 (full 2):
 PSYoungGen      total 93184K, used 0K [0x00000000e0000000, 0x00000000e8880000, 0x0000000100000000)
  eden space 84992K, 0% used [0x00000000e0000000,0x00000000e0000000,0x00000000e5300000)
  from space 8192K, 0% used [0x00000000e5300000,0x00000000e5300000,0x00000000e5b00000)
  to   space 8192K, 0% used [0x00000000e8080000,0x00000000e8080000,0x00000000e8880000)
 ParOldGen       total 45056K, used 16655K [0x00000000a0000000, 0x00000000a2c00000, 0x00000000e0000000)
  object space 45056K, 36% used [0x00000000a0000000,0x00000000a1043cc0,0x00000000a2c00000)
 Metaspace       used 34759K, capacity 35332K, committed 35496K, reserved 1079296K
  class space    used 4638K, capacity 4814K, committed 4864K, reserved 1048576K
}
Event: 19.945 GC heap before
{Heap before GC invocations=14 (full 2):
 PSYoungGen      total 93184K, used 84992K [0x00000000e0000000, 0x00000000e8880000, 0x0000000100000000)
  eden space 84992K, 100% used [0x00000000e0000000,0x00000000e5300000,0x00000000e5300000)
  from space 8192K, 0% used [0x00000000e5300000,0x00000000e5300000,0x00000000e5b00000)
  to   space 8192K, 0% used [0x00000000e8080000,0x00000000e8080000,0x00000000e8880000)
 ParOldGen       total 45056K, used 16655K [0x00000000a0000000, 0x00000000a2c00000, 0x00000000e0000000)
  object space 45056K, 36% used [0x00000000a0000000,0x00000000a1043cc0,0x00000000a2c00000)
 Metaspace       used 42280K, capacity 43072K, committed 43264K, reserved 1087488K
  class space    used 5661K, capacity 5857K, committed 5888K, reserved 1048576K
Event: 19.962 GC heap after
Heap after GC invocations=14 (full 2):
 PSYoungGen      total 128000K, used 8169K [0x00000000e0000000, 0x00000000e8880000, 0x0000000100000000)
  eden space 119808K, 0% used [0x00000000e0000000,0x00000000e0000000,0x00000000e7500000)
  from space 8192K, 99% used [0x00000000e8080000,0x00000000e887a448,0x00000000e8880000)
  to   space 9216K, 0% used [0x00000000e7680000,0x00000000e7680000,0x00000000e7f80000)
 ParOldGen       total 45056K, used 17729K [0x00000000a0000000, 0x00000000a2c00000, 0x00000000e0000000)
  object space 45056K, 39% used [0x00000000a0000000,0x00000000a11504e0,0x00000000a2c00000)
 Metaspace       used 42280K, capacity 43072K, committed 43264K, reserved 1087488K
  class space    used 5661K, capacity 5857K, committed 5888K, reserved 1048576K
}
Event: 24.813 GC heap before
{Heap before GC invocations=15 (full 2):
 PSYoungGen      total 128000K, used 127977K [0x00000000e0000000, 0x00000000e8880000, 0x0000000100000000)
  eden space 119808K, 100% used [0x00000000e0000000,0x00000000e7500000,0x00000000e7500000)
  from space 8192K, 99% used [0x00000000e8080000,0x00000000e887a448,0x00000000e8880000)
  to   space 9216K, 0% used [0x00000000e7680000,0x00000000e7680000,0x00000000e7f80000)
 ParOldGen       total 45056K, used 17729K [0x00000000a0000000, 0x00000000a2c00000, 0x00000000e0000000)
  object space 45056K, 39% used [0x00000000a0000000,0x00000000a11504e0,0x00000000a2c00000)
 Metaspace       used 49775K, capacity 51302K, committed 51456K, reserved 1093632K
  class space    used 6752K, capacity 7080K, committed 7168K, reserved 1048576K
Event: 24.918 GC heap after
Heap after GC invocations=15 (full 2):
 PSYoungGen      total 130560K, used 9190K [0x00000000e0000000, 0x00000000ebf80000, 0x0000000100000000)
  eden space 121344K, 0% used [0x00000000e0000000,0x00000000e0000000,0x00000000e7680000)
  from space 9216K, 99% used [0x00000000e7680000,0x00000000e7f79880,0x00000000e7f80000)
  to   space 14336K, 0% used [0x00000000eb180000,0x00000000eb180000,0x00000000ebf80000)
 ParOldGen       total 45056K, used 27708K [0x00000000a0000000, 0x00000000a2c00000, 0x00000000e0000000)
  object space 45056K, 61% used [0x00000000a0000000,0x00000000a1b0f070,0x00000000a2c00000)
 Metaspace       used 49775K, capacity 51302K, committed 51456K, reserved 1093632K
  class space    used 6752K, capacity 7080K, committed 7168K, reserved 1048576K
}

